[debug] [2023-01-16T08:54:10.853Z] ----------------------------------------------------------------------
[debug] [2023-01-16T08:54:10.854Z] Command:       /opt/homebrew/Cellar/node/18.11.0/bin/node /opt/homebrew/bin/firebase init
[debug] [2023-01-16T08:54:10.854Z] CLI Version:   11.20.0
[debug] [2023-01-16T08:54:10.855Z] Platform:      darwin
[debug] [2023-01-16T08:54:10.855Z] Node Version:  v18.11.0
[debug] [2023-01-16T08:54:10.855Z] Time:          Mon Jan 16 2023 16:54:10 GMT+0800 (台北標準時間)
[debug] [2023-01-16T08:54:10.856Z] ----------------------------------------------------------------------
[debug] 
[debug] [2023-01-16T08:54:10.889Z] > command requires scopes: ["email","openid","https://www.googleapis.com/auth/cloudplatformprojects.readonly","https://www.googleapis.com/auth/firebase","https://www.googleapis.com/auth/cloud-platform"]
[debug] [2023-01-16T08:54:10.890Z] > authorizing via signed-in user (ken5475ht@gmail.com)
[info] 
     ######## #### ########  ######## ########     ###     ######  ########
     ##        ##  ##     ## ##       ##     ##  ##   ##  ##       ##
     ######    ##  ########  ######   ########  #########  ######  ######
     ##        ##  ##    ##  ##       ##     ## ##     ##       ## ##
     ##       #### ##     ## ######## ########  ##     ##  ######  ########

You're about to initialize a Firebase project in this directory:

  /Users/fangweixiang/Webpack2

Before we get started, keep in mind:

  * You are initializing within an existing Firebase project directory

[info] 
=== Project Setup
[info] 
[info] First, let's associate this project directory with a Firebase project.
[info] You can create multiple project aliases by running firebase use --add, 
[info] but for now we'll just set up a default project.
[info] 
[debug] [2023-01-16T08:54:14.809Z] Using project from CLI flag: reactpracticewehelp
[debug] [2023-01-16T08:54:14.810Z] > refreshing access token with scopes: []
[debug] [2023-01-16T08:54:14.813Z] >>> [apiv2][query] POST https://www.googleapis.com/oauth2/v3/token [none]
[debug] [2023-01-16T08:54:14.813Z] >>> [apiv2][body] POST https://www.googleapis.com/oauth2/v3/token [omitted]
[debug] [2023-01-16T08:54:14.920Z] <<< [apiv2][status] POST https://www.googleapis.com/oauth2/v3/token 200
[debug] [2023-01-16T08:54:14.920Z] <<< [apiv2][body] POST https://www.googleapis.com/oauth2/v3/token [omitted]
[debug] [2023-01-16T08:54:14.930Z] >>> [apiv2][query] GET https://firebase.googleapis.com/v1beta1/projects/reactpracticewehelp [none]
[debug] [2023-01-16T08:54:15.196Z] <<< [apiv2][status] GET https://firebase.googleapis.com/v1beta1/projects/reactpracticewehelp 200
[debug] [2023-01-16T08:54:15.196Z] <<< [apiv2][body] GET https://firebase.googleapis.com/v1beta1/projects/reactpracticewehelp {"projectId":"reactpracticewehelp","projectNumber":"368828982385","displayName":"ReactPracticeWehelp","name":"projects/reactpracticewehelp","resources":{"hostingSite":"reactpracticewehelp"},"state":"ACTIVE","etag":"1_2800cf46-eb1e-4b2b-bdfd-2bc4d9bdf728"}
[info] i  Using project reactpracticewehelp (ReactPracticeWehelp) 
[info] 
=== Hosting:github Setup
[info] 
[info] i  Detected a .git folder at /Users/fangweixiang/Webpack2 
[info] i  Authorizing with GitHub to upload your service account to a GitHub repository's secrets store. 
[info] 
[info] Visit this URL on this device to log in:
[info] https://github.com/login/oauth/authorize?client_id=89cf50f02ac6aaed3484&state=497962298&redirect_uri=http%3A%2F%2Flocalhost%3A9005&scope=read%3Auser%20repo%20public_repo
[info] 
[info] Waiting for authentication...
[debug] [2023-01-16T08:54:40.144Z] >>> [apiv2][query] POST https://github.com/login/oauth/access_token [none]
[debug] [2023-01-16T08:54:40.144Z] >>> [apiv2][body] POST https://github.com/login/oauth/access_token [stream]
[debug] [2023-01-16T08:54:40.718Z] <<< [apiv2][status] POST https://github.com/login/oauth/access_token 200
[debug] [2023-01-16T08:54:40.719Z] <<< [apiv2][body] POST https://github.com/login/oauth/access_token {"access_token":"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","token_type":"bearer","scope":"read:user,repo"}
[debug] [2023-01-16T08:54:40.728Z] >>> [apiv2][query] GET https://api.github.com/user [none]
[debug] [2023-01-16T08:54:41.200Z] <<< [apiv2][status] GET https://api.github.com/user 200
[debug] [2023-01-16T08:54:41.200Z] <<< [apiv2][body] GET https://api.github.com/user {"login":"owenfang0406","id":80445709,"node_id":"MDQ6VXNlcjgwNDQ1NzA5","avatar_url":"https://avatars.githubusercontent.com/u/80445709?v=4","gravatar_id":"","url":"https://api.github.com/users/owenfang0406","html_url":"https://github.com/owenfang0406","followers_url":"https://api.github.com/users/owenfang0406/followers","following_url":"https://api.github.com/users/owenfang0406/following{/other_user}","gists_url":"https://api.github.com/users/owenfang0406/gists{/gist_id}","starred_url":"https://api.github.com/users/owenfang0406/starred{/owner}{/repo}","subscriptions_url":"https://api.github.com/users/owenfang0406/subscriptions","organizations_url":"https://api.github.com/users/owenfang0406/orgs","repos_url":"https://api.github.com/users/owenfang0406/repos","events_url":"https://api.github.com/users/owenfang0406/events{/privacy}","received_events_url":"https://api.github.com/users/owenfang0406/received_events","type":"User","site_admin":false,"name":null,"company":null,"blog":"","location":null,"email":null,"hireable":null,"bio":null,"twitter_username":null,"public_repos":6,"public_gists":0,"followers":0,"following":1,"created_at":"2021-03-11T06:23:51Z","updated_at":"2023-01-16T08:54:39Z","private_gists":1,"total_private_repos":0,"owned_private_repos":0,"disk_usage":30532,"collaborators":0,"two_factor_authentication":false,"plan":{"name":"free","space":976562499,"collaborators":0,"private_repos":10000}}
[info] 
[info] ✔  Success! Logged into GitHub as owenfang0406 
[info] 
[debug] [2023-01-16T08:57:56.151Z] >>> [apiv2][query] GET https://api.github.com/repos/owenfang0406/actions/secrets/public-key type=owner
[debug] [2023-01-16T08:57:56.153Z] >>> [apiv2][query] GET https://api.github.com/repos///actions/secrets/public-key type=owner
[debug] [2023-01-16T08:57:56.638Z] <<< [apiv2][status] GET https://api.github.com/repos///actions/secrets/public-key 404
[debug] [2023-01-16T08:57:56.638Z] <<< [apiv2][body] GET https://api.github.com/repos///actions/secrets/public-key {"message":"Not Found","documentation_url":"https://docs.github.com/rest"}
[debug] [2023-01-16T08:57:56.639Z] <<< [apiv2][status] GET https://api.github.com/repos/owenfang0406/actions/secrets/public-key 404
[debug] [2023-01-16T08:57:56.639Z] <<< [apiv2][body] GET https://api.github.com/repos/owenfang0406/actions/secrets/public-key {"message":"Not Found","documentation_url":"https://docs.github.com/rest"}
